[[1;34mINFO[m] Scanning for projects...
[[1;34mINFO[m] 
[[1;34mINFO[m] [1m-------------------------< [0;36mcom.schat:schatapi[0;1m >-------------------------[m
[[1;34mINFO[m] [1mBuilding SChatapi 0.0.1-SNAPSHOT[m
[[1;34mINFO[m] [1m--------------------------------[ jar ]---------------------------------[m
[[1;34mINFO[m] 
[[1;34mINFO[m] [1m>>> [0;32mspring-boot-maven-plugin:3.2.2:run[m [1m(default-cli)[0;1m > [0;1mtest-compile[m @ [36mschatapi[0;1m >>>[m
[[1;34mINFO[m] 
[[1;34mINFO[m] [1m--- [0;32mmaven-resources-plugin:3.3.1:resources[m [1m(default-resources)[m @ [36mschatapi[0;1m ---[m
[[1;34mINFO[m] Copying 1 resource from src/main/resources to target/classes
[[1;34mINFO[m] Copying 0 resource from src/main/resources to target/classes
[[1;34mINFO[m] 
[[1;34mINFO[m] [1m--- [0;32mmaven-compiler-plugin:3.11.0:compile[m [1m(default-compile)[m @ [36mschatapi[0;1m ---[m
[[1;34mINFO[m] Nothing to compile - all classes are up to date
[[1;34mINFO[m] 
[[1;34mINFO[m] [1m--- [0;32mmaven-resources-plugin:3.3.1:testResources[m [1m(default-testResources)[m @ [36mschatapi[0;1m ---[m
[[1;34mINFO[m] Copying 1 resource from src/test/resources to target/test-classes
[[1;34mINFO[m] 
[[1;34mINFO[m] [1m--- [0;32mmaven-compiler-plugin:3.11.0:testCompile[m [1m(default-testCompile)[m @ [36mschatapi[0;1m ---[m
[[1;34mINFO[m] Nothing to compile - all classes are up to date
[[1;34mINFO[m] 
[[1;34mINFO[m] [1m<<< [0;32mspring-boot-maven-plugin:3.2.2:run[m [1m(default-cli)[0;1m < [0;1mtest-compile[m @ [36mschatapi[0;1m <<<[m
[[1;34mINFO[m] 
[[1;34mINFO[m] 
[[1;34mINFO[m] [1m--- [0;32mspring-boot-maven-plugin:3.2.2:run[m [1m(default-cli)[m @ [36mschatapi[0;1m ---[m
[[1;34mINFO[m] Attaching agents: []

  .   ____          _            __ _ _
 /\\ / ___'_ __ _ _(_)_ __  __ _ \ \ \ \
( ( )\___ | '_ | '_| | '_ \/ _` | \ \ \ \
 \\/  ___)| |_)| | | | | || (_| |  ) ) ) )
  '  |____| .__|_| |_|_| |_\__, | / / / /
 =========|_|==============|___/=/_/_/_/
 :: Spring Boot ::                (v3.2.2)

2026-01-14T07:00:03.205+01:00  INFO 75146 --- [BankSignPQ] [           main] com.schat.schatapi.SChatAPIApplication   : Starting SChatAPIApplication using Java 17.0.17 with PID 75146 (/home/Wallys/projets/schatapi/schatapi/target/classes started by Wallys in /home/Wallys/projets/schatapi/schatapi)
2026-01-14T07:00:03.207+01:00 DEBUG 75146 --- [BankSignPQ] [           main] com.schat.schatapi.SChatAPIApplication   : Running with Spring Boot v3.2.2, Spring v6.1.3
2026-01-14T07:00:03.208+01:00  INFO 75146 --- [BankSignPQ] [           main] com.schat.schatapi.SChatAPIApplication   : No active profile set, falling back to 1 default profile: "default"
2026-01-14T07:00:06.062+01:00  INFO 75146 --- [BankSignPQ] [           main] .s.d.r.c.RepositoryConfigurationDelegate : Multiple Spring Data modules found, entering strict repository configuration mode
2026-01-14T07:00:06.066+01:00  INFO 75146 --- [BankSignPQ] [           main] .s.d.r.c.RepositoryConfigurationDelegate : Bootstrapping Spring Data JPA repositories in DEFAULT mode.
2026-01-14T07:00:06.468+01:00  INFO 75146 --- [BankSignPQ] [           main] .s.d.r.c.RepositoryConfigurationDelegate : Finished Spring Data repository scanning in 385 ms. Found 6 JPA repository interfaces.
2026-01-14T07:00:06.552+01:00  INFO 75146 --- [BankSignPQ] [           main] .s.d.r.c.RepositoryConfigurationDelegate : Multiple Spring Data modules found, entering strict repository configuration mode
2026-01-14T07:00:06.554+01:00  INFO 75146 --- [BankSignPQ] [           main] .s.d.r.c.RepositoryConfigurationDelegate : Bootstrapping Spring Data Redis repositories in DEFAULT mode.
2026-01-14T07:00:06.585+01:00  INFO 75146 --- [BankSignPQ] [           main] .RepositoryConfigurationExtensionSupport : Spring Data Redis - Could not safely identify store assignment for repository candidate interface com.schat.schatapi.repository.AuditLogRepository; If you want this repository to be a Redis repository, consider annotating your entities with one of these annotations: org.springframework.data.redis.core.RedisHash (preferred), or consider extending one of the following types with your repository: org.springframework.data.keyvalue.repository.KeyValueRepository
2026-01-14T07:00:06.585+01:00  INFO 75146 --- [BankSignPQ] [           main] .RepositoryConfigurationExtensionSupport : Spring Data Redis - Could not safely identify store assignment for repository candidate interface com.schat.schatapi.repository.RefreshTokenRepository; If you want this repository to be a Redis repository, consider annotating your entities with one of these annotations: org.springframework.data.redis.core.RedisHash (preferred), or consider extending one of the following types with your repository: org.springframework.data.keyvalue.repository.KeyValueRepository
2026-01-14T07:00:06.586+01:00  INFO 75146 --- [BankSignPQ] [           main] .RepositoryConfigurationExtensionSupport : Spring Data Redis - Could not safely identify store assignment for repository candidate interface com.schat.schatapi.repository.RoleRepository; If you want this repository to be a Redis repository, consider annotating your entities with one of these annotations: org.springframework.data.redis.core.RedisHash (preferred), or consider extending one of the following types with your repository: org.springframework.data.keyvalue.repository.KeyValueRepository
2026-01-14T07:00:06.586+01:00  INFO 75146 --- [BankSignPQ] [           main] .RepositoryConfigurationExtensionSupport : Spring Data Redis - Could not safely identify store assignment for repository candidate interface com.schat.schatapi.repository.TransactionRepository; If you want this repository to be a Redis repository, consider annotating your entities with one of these annotations: org.springframework.data.redis.core.RedisHash (preferred), or consider extending one of the following types with your repository: org.springframework.data.keyvalue.repository.KeyValueRepository
2026-01-14T07:00:06.587+01:00  INFO 75146 --- [BankSignPQ] [           main] .RepositoryConfigurationExtensionSupport : Spring Data Redis - Could not safely identify store assignment for repository candidate interface com.schat.schatapi.repository.UserKeyPairRepository; If you want this repository to be a Redis repository, consider annotating your entities with one of these annotations: org.springframework.data.redis.core.RedisHash (preferred), or consider extending one of the following types with your repository: org.springframework.data.keyvalue.repository.KeyValueRepository
2026-01-14T07:00:06.588+01:00  INFO 75146 --- [BankSignPQ] [           main] .RepositoryConfigurationExtensionSupport : Spring Data Redis - Could not safely identify store assignment for repository candidate interface com.schat.schatapi.repository.UserRepository; If you want this repository to be a Redis repository, consider annotating your entities with one of these annotations: org.springframework.data.redis.core.RedisHash (preferred), or consider extending one of the following types with your repository: org.springframework.data.keyvalue.repository.KeyValueRepository
2026-01-14T07:00:06.589+01:00  INFO 75146 --- [BankSignPQ] [           main] .s.d.r.c.RepositoryConfigurationDelegate : Finished Spring Data repository scanning in 17 ms. Found 0 Redis repository interfaces.
2026-01-14T07:00:07.101+01:00  INFO 75146 --- [BankSignPQ] [           main] o.s.cloud.context.scope.GenericScope     : BeanFactory id=c1f9731c-71f1-3bcf-9a58-bd674343f3ba
2026-01-14T07:00:08.659+01:00  INFO 75146 --- [BankSignPQ] [           main] o.s.b.w.embedded.tomcat.TomcatWebServer  : Tomcat initialized with port 8080 (http)
2026-01-14T07:00:08.702+01:00  INFO 75146 --- [BankSignPQ] [           main] o.apache.catalina.core.StandardService   : Starting service [Tomcat]
2026-01-14T07:00:08.703+01:00  INFO 75146 --- [BankSignPQ] [           main] o.apache.catalina.core.StandardEngine    : Starting Servlet engine: [Apache Tomcat/10.1.18]
2026-01-14T07:00:08.863+01:00  INFO 75146 --- [BankSignPQ] [           main] o.a.c.c.C.[Tomcat].[localhost].[/]       : Initializing Spring embedded WebApplicationContext
2026-01-14T07:00:08.865+01:00  INFO 75146 --- [BankSignPQ] [           main] w.s.c.ServletWebServerApplicationContext : Root WebApplicationContext: initialization completed in 5574 ms
2026-01-14T07:00:09.195+01:00  INFO 75146 --- [BankSignPQ] [           main] o.hibernate.jpa.internal.util.LogHelper  : HHH000204: Processing PersistenceUnitInfo [name: default]
2026-01-14T07:00:09.352+01:00  INFO 75146 --- [BankSignPQ] [           main] org.hibernate.Version                    : HHH000412: Hibernate ORM core version 6.4.1.Final
2026-01-14T07:00:09.414+01:00  INFO 75146 --- [BankSignPQ] [           main] o.h.c.internal.RegionFactoryInitiator    : HHH000026: Second-level cache disabled
2026-01-14T07:00:10.100+01:00  INFO 75146 --- [BankSignPQ] [           main] o.s.o.j.p.SpringPersistenceUnitInfo      : No LoadTimeWeaver setup: ignoring JPA class transformer
2026-01-14T07:00:10.166+01:00  INFO 75146 --- [BankSignPQ] [           main] com.zaxxer.hikari.HikariDataSource       : HikariPool-1 - Starting...
2026-01-14T07:00:10.922+01:00  INFO 75146 --- [BankSignPQ] [           main] com.zaxxer.hikari.pool.HikariPool        : HikariPool-1 - Added connection org.postgresql.jdbc.PgConnection@4468fda8
2026-01-14T07:00:10.924+01:00  INFO 75146 --- [BankSignPQ] [           main] com.zaxxer.hikari.HikariDataSource       : HikariPool-1 - Start completed.
2026-01-14T07:00:10.974+01:00  WARN 75146 --- [BankSignPQ] [           main] org.hibernate.orm.deprecation            : HHH90000025: PostgreSQLDialect does not need to be specified explicitly using 'hibernate.dialect' (remove the property setting and it will be selected by default)
2026-01-14T07:00:12.658+01:00  INFO 75146 --- [BankSignPQ] [           main] o.h.e.t.j.p.i.JtaPlatformInitiator       : HHH000489: No JTA platform available (set 'hibernate.transaction.jta.platform' to enable JTA platform integration)
2026-01-14T07:00:12.872+01:00  INFO 75146 --- [BankSignPQ] [           main] j.LocalContainerEntityManagerFactoryBean : Initialized JPA EntityManagerFactory for persistence unit 'default'
2026-01-14T07:00:13.482+01:00  INFO 75146 --- [BankSignPQ] [           main] c.s.schatapi.service.SDitHTokenService   : Initializing SDitH Token Service (Code-Based GF256)...
2026-01-14T07:00:13.483+01:00  INFO 75146 --- [BankSignPQ] [           main] c.s.schatapi.service.SDitHTokenService   : No existing keys found. Generating Server Key Pair (Level 128)...
2026-01-14T07:00:13.670+01:00  INFO 75146 --- [BankSignPQ] [           main] c.s.schatapi.service.SDitHTokenService   : ✓ Key Pair Generated in 187 ms
2026-01-14T07:00:13.672+01:00  INFO 75146 --- [BankSignPQ] [           main] c.schat.schatapi.service.VaultService    : Vault not configured, storing key locally at secret/schat/sdith-master
2026-01-14T07:00:14.513+01:00  INFO 75146 --- [BankSignPQ] [           main] o.s.boot.web.servlet.RegistrationBean    : Filter registration was not registered (disabled)
2026-01-14T07:00:14.650+01:00  INFO 75146 --- [BankSignPQ] [           main] c.s.schatapi.config.DatabaseInitializer  : 🔧 Initializing database with default roles and users...
Hibernate: 
    select
        r1_0.id,
        r1_0.name 
    from
        roles r1_0 
    where
        r1_0.name=?
Hibernate: 
    select
        r1_0.id,
        r1_0.name 
    from
        roles r1_0 
    where
        r1_0.name=?
Hibernate: 
    select
        r1_0.id,
        r1_0.name 
    from
        roles r1_0 
    where
        r1_0.name=?
Hibernate: 
    select
        r1_0.id,
        r1_0.name 
    from
        roles r1_0 
    where
        r1_0.name=?
Hibernate: 
    select
        r1_0.id,
        r1_0.name 
    from
        roles r1_0 
    where
        r1_0.name=?
Hibernate: 
    select
        u1_0.id 
    from
        users u1_0 
    where
        u1_0.username=? 
    fetch
        first ? rows only
Hibernate: 
    select
        r1_0.id,
        r1_0.name 
    from
        roles r1_0 
    where
        r1_0.name=?
Hibernate: 
    select
        r1_0.id,
        r1_0.name 
    from
        roles r1_0 
    where
        r1_0.name=?
Hibernate: 
    select
        u1_0.id 
    from
        users u1_0 
    where
        u1_0.username=? 
    fetch
        first ? rows only
2026-01-14T07:00:15.136+01:00  INFO 75146 --- [BankSignPQ] [           main] c.s.schatapi.config.DatabaseInitializer  : ✅ Database initialization completed successfully!
2026-01-14T07:00:15.958+01:00  INFO 75146 --- [BankSignPQ] [           main] o.s.s.web.DefaultSecurityFilterChain     : Will secure any request with [org.springframework.security.web.session.DisableEncodeUrlFilter@5078e308, org.springframework.security.web.context.request.async.WebAsyncManagerIntegrationFilter@2045a469, org.springframework.security.web.context.SecurityContextHolderFilter@1b6441c9, org.springframework.security.web.header.HeaderWriterFilter@201f0e84, org.springframework.web.filter.CorsFilter@672710d5, org.springframework.security.web.authentication.logout.LogoutFilter@43ab4e83, com.schat.schatapi.security.AuthTokenFilter@4ef7145f, org.springframework.security.web.savedrequest.RequestCacheAwareFilter@485dfac9, org.springframework.security.web.servletapi.SecurityContextHolderAwareRequestFilter@6419726f, org.springframework.security.web.authentication.AnonymousAuthenticationFilter@55880c, org.springframework.security.web.session.SessionManagementFilter@148c571c, org.springframework.security.web.access.ExceptionTranslationFilter@32ff3c98, org.springframework.security.web.access.intercept.AuthorizationFilter@3c88db1]
2026-01-14T07:00:16.452+01:00  INFO 75146 --- [BankSignPQ] [           main] o.s.b.w.embedded.tomcat.TomcatWebServer  : Tomcat started on port 8080 (http) with context path ''
2026-01-14T07:00:16.469+01:00  INFO 75146 --- [BankSignPQ] [           main] com.schat.schatapi.SChatAPIApplication   : Started SChatAPIApplication in 15.338 seconds (process running for 16.311)
Hibernate: 
    select
        count(*) 
    from
        users u1_0
Hibernate: 
    select
        u1_0.id,
        u1_0.created_at,
        u1_0.email,
        u1_0.is_active,
        u1_0.party_index,
        u1_0.password,
        u1_0.updated_at,
        u1_0.username 
    from
        users u1_0 
    where
        u1_0.username=?
Hibernate: 
    select
        ukp1_0.id,
        ukp1_0.created_at,
        ukp1_0.last_used_at,
        ukp1_0.private_key_encrypted,
        ukp1_0.public_key,
        ukp1_0.security_level,
        ukp1_0.status,
        ukp1_0.usage_count,
        ukp1_0.user_id 
    from
        user_key_pairs ukp1_0 
    where
        ukp1_0.user_id=?
Hibernate: 
    select
        count(*) 
    from
        transactions t1_0
2026-01-14T07:00:17.274+01:00  INFO 75146 --- [BankSignPQ] [nio-8080-exec-1] o.a.c.c.C.[Tomcat].[localhost].[/]       : Initializing Spring DispatcherServlet 'dispatcherServlet'
2026-01-14T07:00:17.275+01:00  INFO 75146 --- [BankSignPQ] [nio-8080-exec-1] o.s.web.servlet.DispatcherServlet        : Initializing Servlet 'dispatcherServlet'
2026-01-14T07:00:17.278+01:00  INFO 75146 --- [BankSignPQ] [nio-8080-exec-1] o.s.web.servlet.DispatcherServlet        : Completed initialization in 3 ms
2026-01-14T07:00:17.305+01:00 DEBUG 75146 --- [BankSignPQ] [nio-8080-exec-1] c.s.schatapi.security.AuthTokenFilter    : 🔓 Skipping JWT filter for public endpoint: /api/test/all
